---
title: 'Step 3: Get Insights with SQL'
sidebar_position: 3
---
import Tabs from '@theme/Tabs';
import TabItem from '@theme/TabItem';

Now, the data is ready, let's try to analyze these data with SQL!

## 1. Get Insights with Raw SQL!

### a. Can't Wait!

#### i. Example 1

Let's learn the data!

<Tabs>
  <TabItem value="sql" label="SQL">

```sql
SELECT
  *
FROM
  github_events
LIMIT
  1
```

  </TabItem>
  <TabItem value="explain" label="Explain">

```
+---------------------------+---------+-----------+---------------------+--------------------------------+
| id                        | estRows | task      | access object       | operator info                  |
+---------------------------+---------+-----------+---------------------+--------------------------------+
| Limit_7                   | 1.00    | root      |                     | offset:0, count:1              |
| └─TableReader_11          | 1.00    | root      |                     | data:Limit_10                  |
|   └─Limit_10              | 1.00    | cop[tikv] |                     | offset:0, count:1              |
|     └─TableFullScan_9     | 1.00    | cop[tikv] | table:github_events | keep order:false, stats:pseudo |
+---------------------------+---------+-----------+---------------------+--------------------------------+
```

  </TabItem>
</Tabs>

Result:

```
***************************[ 1. row ]***************************
id                     | 0
type                   | PushEvent
created_at             | 2014-04-24 20:45:30
repo_id                | 17139664
repo_name              | recserv.uiowa.edu
actor_id               | 0
actor_login            | jwfuller
language               |
additions              | 0
deletions              | 0
action                 |
number                 | 0
commit_id              |
comment_id             | 0
org_login              | ITS-UofIowa
org_id                 | 0
state                  |
closed_at              | 1970-01-01 00:00:00
comments               | 0
pr_merged_at           | 1970-01-01 00:00:00
pr_merged              | 0
pr_changed_files       | 0
pr_review_comments     | 0
pr_or_issue_id         | 0
event_day              | 2014-04-24
event_month            | 2014-04-01
event_year             | 2014
push_size              | 14
push_distinct_size     | 0
creator_user_login     |
creator_user_id        | 0
pr_or_issue_created_at | 1970-01-01 00:00:00
```

#### ii. Example 2

In addition to using aggregation functions for simple statistics, sometimes we need to conduct more complex data analysis, such as calculating percentage points, moving average, cumulative total, etc.

:::tip Question
If you need to analyze the star growth trend of the specified repository (Fox example: `pingcap/tidb`) according to the existing data, can you use one SQL to complete it.
:::

At this time, if we only use aggregation functions, our data analysis SQL will become complex, or we need to complete it through additional program processing.

TiDB provides [common table expression](https://docs.pingcap.com/tidb/dev/dev-guide-use-common-table-expression) and [window function](https://docs.pingcap.com/tidb/dev/window-functions) features to help us greatly simplify SQL queries.

<Tabs>
  <TabItem value="sql" label="SQL">

```sql
SELECT
  event_month, stars
FROM (
  SELECT
    date_format(created_at, '%Y-%m-01') as event_month,
    COUNT(1) OVER (ORDER BY date_format(created_at, '%Y-%m-01')) AS stars,
    ROW_NUMBER() OVER (PARTITION BY date_format(created_at, '%Y-%m-01')) AS row_num
  FROM
    github_events
  WHERE
    type = 'WatchEvent'
    AND repo_id = 41986369
  ORDER BY 1
) sub
WHERE row_num = 1
;
```

  </TabItem>
  <TabItem value="explain" label="Explain SQL">

```
+-----------------------------------+----------+-----------+--------------------------------------------------------------------------------------------------------+------------------------------------------------------------------------------------------------------------------------------+
| id                                | estRows  | task      | access object                                                                                          | operator info                                                                                                                |
+-----------------------------------+----------+-----------+--------------------------------------------------------------------------------------------------------+------------------------------------------------------------------------------------------------------------------------------+
| Projection_13                     | 22324.11 | root      |                                                                                                        | gharchive_dev.github_events.event_month, Column#39                                                                           |
| └─Selection_40                    | 22324.11 | root      |                                                                                                        | eq(Column#38, 1)                                                                                                             |
|   └─Window_42                     | 27905.14 | root      |                                                                                                        | count(1)->Column#39 over(order by gharchive_dev.github_events.event_month range between unbounded preceding and current row) |
|     └─Window_19                   | 27905.14 | root      |                                                                                                        | row_number()->Column#38 over(partition by gharchive_dev.github_events.event_month rows between current row and current row)  |
|       └─Sort_30                   | 28140.28 | root      |                                                                                                        | gharchive_dev.github_events.event_month                                                                                      |
|         └─IndexReader_27          | 28140.28 | root      | partition:watch_event                                                                                  | index:IndexRangeScan_26                                                                                                      |
|           └─IndexRangeScan_26     | 28140.28 | cop[tikv] | table:github_events, index:index_github_events_on_repo_id_type_event_month(repo_id, type, event_month) | range:[41986369 "WatchEvent",41986369 "WatchEvent"], keep order:false                                                        |
+-----------------------------------+----------+-----------+--------------------------------------------------------------------------------------------------------+------------------------------------------------------------------------------------------------------------------------------+
```

  </TabItem>
</Tabs>

Reading more:

- [Window Function Concepts and Syntax](https://dev.mysql.com/doc/refman/8.0/en/window-functions-usage.html)
- [How to Calculate Cumulative Sum-Running Total in MySQL](https://popsql.com/learn-sql/mysql/how-to-calculate-cumulative-sum-running-total-in-mysql)

#### iii. Example 3

The below SQL is picked from [blog - Love, Code, and Robot](/blog/say-thanks-to-github-robots#history-trends), it explains how robots grow on GitHub:

<Tabs>
  <TabItem value="sql" label="SQL">

```sql
WITH bots_with_first_seen AS (
    SELECT
        actor_login, MIN(YEAR(created_at)) AS first_seen_at
    FROM github_events ge
    WHERE
        actor_login REGEXP '^(bot-.+|.+bot|.+\\[bot\\]|.+-bot-.+|robot-.+|.+-ci-.+|.+-ci|.+-testing|.+clabot.+|.+-gerrit|k8s-.+|.+-machine|.+-automation|github-.+|.+-github|.+-service|.+-builds|codecov-.+|.+teamcity.+|jenkins-.+|.+-jira-.+)$'
    GROUP BY actor_login
    ORDER BY first_seen_at
),  acc AS (
    SELECT
        COUNT(actor_login) OVER (ORDER BY first_seen_at) AS cnt,
        first_seen_at AS event_year
    FROM
        bots_with_first_seen AS bwfs
    ORDER BY event_year
)
SELECT ANY_VALUE(cnt) AS bots_total, event_year
FROM acc
GROUP BY event_year
ORDER BY event_year;
```

  </TabItem>
  <TabItem value="explain" label="Explain SQL">

```
+------------------------------+-----------+-----------+---------------+------------------------------------------------------------------------------------------------------------------------------------------------------------------------------------------------------------------------------------------------------------------------+
| id                           | estRows   | task      | access object | operator info                                                                                                                                                                                                                                                          |
+------------------------------+-----------+-----------+---------------+------------------------------------------------------------------------------------------------------------------------------------------------------------------------------------------------------------------------------------------------------------------------+
| Sort_45                      | 39130.77  | root      |               | Column#44                                                                                                                                                                                                                                                              |
| └─Projection_47              | 39130.77  | root      |               | any_value(Column#43)->Column#45, Column#44                                                                                                                                                                                                                             |
|   └─HashAgg_48               | 39130.77  | root      |               | group by:Column#44, funcs:firstrow(Column#43)->Column#43, funcs:firstrow(Column#44)->Column#44                                                                                                                                                                         |
|     └─CTEFullScan_49         | 39130.77  | root      | CTE:acc       | data:CTE_1                                                                                                                                                                                                                                                             |
| CTE_1                        | 39130.77  | root      |               | Non-Recursive CTE                                                                                                                                                                                                                                                      |
| └─Selection_35(Seed Part)    | 39130.77  | root      |               | 1                                                                                                                                                                                                                                                                      |
|   └─Projection_36            | 48913.46  | root      |               | Column#40, Column#38                                                                                                                                                                                                                                                   |
|     └─Window_42              | 48913.46  | root      |               | count(gharchive_dev.github_events.actor_login)->Column#40 over(order by Column#38 range between unbounded preceding and current row)                                                                                                                                   |
|       └─Sort_44              | 48913.46  | root      |               | Column#38                                                                                                                                                                                                                                                              |
|         └─CTEFullScan_43     | 48913.46  | root      | CTE:bwfs      | data:CTE_0                                                                                                                                                                                                                                                             |
| CTE_0                        | 48913.46  | root      |               | Non-Recursive CTE                                                                                                                                                                                                                                                      |
| └─Sort_18(Seed Part)         | 48913.46  | root      |               | Column#36                                                                                                                                                                                                                                                              |
|   └─Projection_20            | 48913.46  | root      |               | gharchive_dev.github_events.actor_login, Column#36                                                                                                                                                                                                                     |
|     └─HashAgg_21             | 48913.46  | root      |               | group by:gharchive_dev.github_events.actor_login, funcs:min(gharchive_dev.github_events.event_year)->Column#36, funcs:firstrow(gharchive_dev.github_events.actor_login)->gharchive_dev.github_events.actor_login                                                       |
|       └─Selection_28         | 191671.20 | root      |               | regexp(gharchive_dev.github_events.actor_login, "^(bot-.+|.+bot|.+\[bot\]|.+-bot-.+|robot-.+|.+-ci-.+|.+-ci|.+-testing|.+clabot.+|.+-gerrit|k8s-.+|.+-machine|.+-automation|github-.+|.+-github|.+-service|.+-builds|codecov-.+|.+teamcity.+|jenkins-.+|.+-jira-.+)$") |
|         └─TableReader_27     | 239589.00 | root      | partition:all | data:TableFullScan_26                                                                                                                                                                                                                                                  |
|           └─TableFullScan_26 | 239589.00 | cop[tikv] | table:ge      | keep order:false                                                                                                                                                                                                                                                       |
+------------------------------+-----------+-----------+---------------+------------------------------------------------------------------------------------------------------------------------------------------------------------------------------------------------------------------------------------------------------------------------+
```
  </TabItem>
</Tabs>

Result:

(Remember there are only 240k rows stored in your Serverless Tier database.)

```
+------------+------------+
| bots_total | event_year |
+------------+------------+
|          3 |       2015 |
|         10 |       2016 |
|         14 |       2017 |
|         21 |       2018 |
|         40 |       2019 |
|         54 |       2020 |
|         73 |       2021 |
|         82 |       2022 |
+------------+------------+
8 rows in set (1.99 sec)

mysql>
```

<br />
<br />
<center><h3>"It works, but could it be faster?", "Of course!"</h3></center>
<br />

### b. !!! Set Column-Oriented Storage Replica

This step is important enough that it adds column-oriented-storage ability to TiDB - We call it [TiFlash](https://docs.pingcap.com/tidb/dev/tiflash-overview). The `tiup playground` installed 1 TiFlash node by default, what we need to do is just make data `STORED` in these replica node too.

i. It's easy to set TiFlash replica, different from other software, TiDB uses SQL to take such changes into effect:

```sql
ALTER TABLE gharchive_dev.github_events SET TIFLASH REPLICA 1;
```

ii. Setting a TiFlash replica will take you some time, so you can use the following SQL statements to check if the procedure is done or not.

```sql
SELECT * FROM information_schema.tiflash_replica WHERE TABLE_SCHEMA = 'gharchive_dev' and TABLE_NAME = 'github_events';
```

If the result you get is same as follow, that means the procedure is done.

```sql
mysql> SELECT * FROM information_schema.tiflash_replica WHERE TABLE_SCHEMA = 'gharchive_dev' and TABLE_NAME = 'github_events';
+---------------+---------------+----------+---------------+-----------------+-----------+----------+
| TABLE_SCHEMA  | TABLE_NAME    | TABLE_ID | REPLICA_COUNT | LOCATION_LABELS | AVAILABLE | PROGRESS |
+---------------+---------------+----------+---------------+-----------------+-----------+----------+
| gharchive_dev | github_events |       68 |             1 |                 |         1 |        1 |
+---------------+---------------+----------+---------------+-----------------+-----------+----------+
1 row in set (0.27 sec)

mysql>
```

Now try to execute the former robot sql(start with: `WITH bots_with_first_seen`) again, result:
<Tabs>
  <TabItem value="sql" label="SQL">

```sql
WITH bots_with_first_seen AS (
    SELECT
        actor_login, MIN(event_year) AS first_seen_at
    FROM github_events ge
    WHERE
        actor_login REGEXP '^(bot-.+|.+bot|.+\\[bot\\]|.+-bot-.+|robot-.+|.+-ci-.+|.+-ci|.+-testing|.+clabot.+|.+-gerrit|k8s-.+|.+-machine|.+-automation|github-.+|.+-github|.+-service|.+-builds|codecov-.+|.+teamcity.+|jenkins-.+|.+-jira-.+)$'
    GROUP BY actor_login
    ORDER BY first_seen_at
),  acc AS (
    SELECT
        COUNT(actor_login) OVER (ORDER BY first_seen_at) AS cnt,
        first_seen_at AS event_year
    FROM
        bots_with_first_seen AS bwfs
    ORDER BY event_year
)
SELECT ANY_VALUE(cnt) AS bots_total, event_year
FROM acc
GROUP BY event_year
ORDER BY event_year;
```
  </TabItem>
  <TabItem value="explain" label="Explain SQL">

```
+----------------------------------------+-----------+--------------+---------------+------------------------------------------------------------------------------------------------------------------------------------------------------------------------------------------------------------------------------------------------------------------------+
| id                                     | estRows   | task         | access object | operator info                                                                                                                                                                                                                                                          |
+----------------------------------------+-----------+--------------+---------------+------------------------------------------------------------------------------------------------------------------------------------------------------------------------------------------------------------------------------------------------------------------------+
| Sort_71                                | 39130.77  | root         |               | Column#44                                                                                                                                                                                                                                                              |
| └─Projection_73                        | 39130.77  | root         |               | any_value(Column#43)->Column#45, Column#44                                                                                                                                                                                                                             |
|   └─HashAgg_74                         | 39130.77  | root         |               | group by:Column#44, funcs:firstrow(Column#43)->Column#43, funcs:firstrow(Column#44)->Column#44                                                                                                                                                                         |
|     └─CTEFullScan_75                   | 39130.77  | root         | CTE:acc       | data:CTE_1                                                                                                                                                                                                                                                             |
| CTE_1                                  | 39130.77  | root         |               | Non-Recursive CTE                                                                                                                                                                                                                                                      |
| └─Selection_61(Seed Part)              | 39130.77  | root         |               | 1                                                                                                                                                                                                                                                                      |
|   └─Projection_62                      | 48913.46  | root         |               | Column#40, Column#38                                                                                                                                                                                                                                                   |
|     └─Window_68                        | 48913.46  | root         |               | count(gharchive_dev.github_events.actor_login)->Column#40 over(order by Column#38 range between unbounded preceding and current row)                                                                                                                                   |
|       └─Sort_70                        | 48913.46  | root         |               | Column#38                                                                                                                                                                                                                                                              |
|         └─CTEFullScan_69               | 48913.46  | root         | CTE:bwfs      | data:CTE_0                                                                                                                                                                                                                                                             |
| CTE_0                                  | 48913.46  | root         |               | Non-Recursive CTE                                                                                                                                                                                                                                                      |
| └─Sort_18(Seed Part)                   | 48913.46  | root         |               | Column#36                                                                                                                                                                                                                                                              |
|   └─Projection_20                      | 48913.46  | root         |               | gharchive_dev.github_events.actor_login, Column#36                                                                                                                                                                                                                     |
|     └─TableReader_54                   | 48913.46  | root         | partition:all | data:ExchangeSender_53                                                                                                                                                                                                                                                 |
|       └─ExchangeSender_53              | 48913.46  | mpp[tiflash] |               | ExchangeType: PassThrough                                                                                                                                                                                                                                              |
|         └─Projection_49                | 48913.46  | mpp[tiflash] |               | Column#36, gharchive_dev.github_events.actor_login                                                                                                                                                                                                                     |
|           └─HashAgg_50                 | 48913.46  | mpp[tiflash] |               | group by:gharchive_dev.github_events.actor_login, funcs:min(Column#49)->Column#36, funcs:firstrow(gharchive_dev.github_events.actor_login)->gharchive_dev.github_events.actor_login                                                                                    |
|             └─ExchangeReceiver_52      | 48913.46  | mpp[tiflash] |               |                                                                                                                                                                                                                                                                        |
|               └─ExchangeSender_51      | 48913.46  | mpp[tiflash] |               | ExchangeType: HashPartition, Hash Cols: [name: gharchive_dev.github_events.actor_login, collate: utf8mb4_unicode_ci]                                                                                                                                                   |
|                 └─HashAgg_25           | 48913.46  | mpp[tiflash] |               | group by:gharchive_dev.github_events.actor_login, funcs:min(gharchive_dev.github_events.event_year)->Column#49                                                                                                                                                         |
|                   └─Selection_48       | 191671.20 | mpp[tiflash] |               | regexp(gharchive_dev.github_events.actor_login, "^(bot-.+|.+bot|.+\[bot\]|.+-bot-.+|robot-.+|.+-ci-.+|.+-ci|.+-testing|.+clabot.+|.+-gerrit|k8s-.+|.+-machine|.+-automation|github-.+|.+-github|.+-service|.+-builds|codecov-.+|.+teamcity.+|jenkins-.+|.+-jira-.+)$") |
|                     └─TableFullScan_47 | 239589.00 | mpp[tiflash] | table:ge      | keep order:false, PartitionTableScan:true                                                                                                                                                                                                                              |
+----------------------------------------+-----------+--------------+---------------+------------------------------------------------------------------------------------------------------------------------------------------------------------------------------------------------------------------------------------------------------------------------+
```
  </TabItem>
</Tabs>

<br />
<center><h3>It is SUPER faster!</h3></center>
<br />

We won't talk too much about how to get USEFUL insights from such a big data as we are also students in open source software field. All SQLs in this project can be found on page, just click the `SHOW SQL` button on top-right of each chart to get the corresponding SQL.


## 2. Well done!

Visit [http://localhost:30000](http://localhost:30000) to check the mini OSS Insight site.

If you have any question, please contact ossinsight@pingcap.com.
